2025-10-28 21:53:42,425 - __main__ - WARNING - ⚠️  Email alerting disabled - missing configuration
2025-10-28 21:53:42,425 - __main__ - INFO - 🚀 Starting Fixr scrape for city: london, limit: 20
2025-10-28 21:53:43,130 - __main__ - INFO - 📡 Fetching: https://www.fixr.co/search?query=london&type=events
2025-10-28 21:54:13,176 - root - ERROR - ❌ Scrape failed: Fatal error scraping london: Page.goto: Timeout 30000ms exceeded.
Call log:
  - navigating to "https://www.fixr.co/search?query=london&type=events", waiting until "networkidle"

2025-10-28 21:54:13,176 - __main__ - INFO - 🚀 Starting Fixr scrape for city: manchester, limit: 20
2025-10-28 21:54:13,415 - __main__ - INFO - 📡 Fetching: https://www.fixr.co/search?query=manchester&type=events
2025-10-28 21:54:43,453 - root - ERROR - ❌ Scrape failed: Fatal error scraping manchester: Page.goto: Timeout 30000ms exceeded.
Call log:
  - navigating to "https://www.fixr.co/search?query=manchester&type=events", waiting until "networkidle"

2025-10-28 21:54:43,453 - __main__ - INFO - 🚀 Starting Fixr scrape for city: birmingham, limit: 20
2025-10-28 21:54:43,708 - __main__ - INFO - 📡 Fetching: https://www.fixr.co/search?query=birmingham&type=events
2025-10-28 21:55:13,745 - root - ERROR - ❌ Scrape failed: Fatal error scraping birmingham: Page.goto: Timeout 30000ms exceeded.
Call log:
  - navigating to "https://www.fixr.co/search?query=birmingham&type=events", waiting until "networkidle"

2025-10-28 21:55:13,745 - __main__ - INFO - 🚀 Starting Fixr scrape for city: nottingham, limit: 20
2025-10-28 21:55:14,017 - __main__ - INFO - 📡 Fetching: https://www.fixr.co/search?query=nottingham&type=events
2025-10-28 21:55:44,053 - root - ERROR - ❌ Scrape failed: Fatal error scraping nottingham: Page.goto: Timeout 30000ms exceeded.
Call log:
  - navigating to "https://www.fixr.co/search?query=nottingham&type=events", waiting until "networkidle"

2025-10-28 22:00:12,983 - __main__ - INFO - 🚀 Starting Fixr scrape for city: london, limit: 10
2025-10-28 22:00:14,919 - __main__ - INFO - 📡 Loading Fixr homepage...
2025-10-28 22:00:19,482 - __main__ - INFO - 📡 Navigating to: https://www.fixr.co/search?query=london&type=events
2025-10-28 22:00:32,015 - __main__ - INFO - 📸 Screenshot saved to fixr_page.png
2025-10-28 22:00:32,019 - __main__ - INFO - 💾 HTML saved to fixr_page.html
2025-10-28 22:00:32,029 - __main__ - INFO - Found 0 links with /event/ pattern
2025-10-28 22:00:32,030 - __main__ - INFO - Found 0 event cards
2025-10-28 22:00:32,030 - __main__ - WARNING - No event links found for london. Page may need manual inspection.
2025-10-28 22:00:32,227 - __main__ - INFO - Attempting to extract data from page content...
2025-10-28 22:00:32,229 - root - ERROR - ❌ Scrape failed: No event links found for london. Page may need manual inspection.
2025-10-28 22:03:49,958 - __main__ - INFO - 🚀 Starting Fixr scrape for query: stealth, limit: 10
2025-10-28 22:03:51,533 - __main__ - INFO - 📡 Loading Fixr homepage...
2025-10-28 22:03:54,897 - __main__ - INFO - 📡 Searching for: https://www.fixr.co/search?query=stealth&type=events
2025-10-28 22:04:07,414 - __main__ - INFO - 📸 Screenshot saved
2025-10-28 22:04:07,427 - __main__ - INFO - Found 0 event links
2025-10-28 22:04:07,428 - __main__ - INFO - Found carousel event: Lazydays Festival 2026
2025-10-28 22:04:07,428 - __main__ - INFO - Found carousel event: Born On Road Halloween: London
2025-10-28 22:04:07,428 - __main__ - INFO - Found carousel event: Wellnergy Festival 2026
2025-10-28 22:04:07,428 - __main__ - INFO - Found carousel event: The Mansion by Konflict. + Boneca + LBH
2025-10-28 22:04:07,428 - __main__ - INFO - Found carousel event: Billy Gillies at The Old School House & Courtyard
2025-10-28 22:04:07,428 - __main__ - INFO - Found carousel event: Detonate presents ANDY C
2025-10-28 22:04:07,428 - __main__ - INFO - Found carousel event: Joy Orbison, bullet tooth
2025-10-28 22:04:07,428 - __main__ - INFO - Found carousel event: The Darque Experience, Polokwane
2025-10-28 22:04:07,428 - __main__ - INFO - Found carousel event: DnB Allstars: Thailand
2025-10-28 22:04:07,428 - __main__ - INFO - Found carousel event: Days In The Sun Festival
2025-10-28 22:04:07,428 - __main__ - INFO - Found carousel event: PORT X FESTIVAL
2025-10-28 22:04:07,428 - __main__ - INFO - Found carousel event: Future Frequency Festival
2025-10-28 22:04:07,429 - __main__ - WARNING - No events found for query: stealth
2025-10-28 22:04:07,429 - root - ERROR - ❌ Scrape failed: No events found for query: stealth
2025-10-28 22:04:12,565 - __main__ - INFO - 🚀 Starting Fixr scrape for query: clubbing, limit: 10
2025-10-28 22:04:13,584 - __main__ - INFO - 📡 Loading Fixr homepage...
2025-10-28 22:04:16,517 - __main__ - INFO - 📡 Searching for: https://www.fixr.co/search?query=clubbing&type=events
2025-10-28 22:04:29,529 - __main__ - INFO - 📸 Screenshot saved
2025-10-28 22:04:29,544 - __main__ - INFO - Found 0 event links
2025-10-28 22:04:29,544 - __main__ - INFO - Found carousel event: Lazydays Festival 2026
2025-10-28 22:04:29,544 - __main__ - INFO - Found carousel event: Born On Road Halloween: London
2025-10-28 22:04:29,544 - __main__ - INFO - Found carousel event: Wellnergy Festival 2026
2025-10-28 22:04:29,544 - __main__ - INFO - Found carousel event: The Mansion by Konflict. + Boneca + LBH
2025-10-28 22:04:29,545 - __main__ - INFO - Found carousel event: Billy Gillies at The Old School House & Courtyard
2025-10-28 22:04:29,545 - __main__ - INFO - Found carousel event: Detonate presents ANDY C
2025-10-28 22:04:29,545 - __main__ - INFO - Found carousel event: Joy Orbison, bullet tooth
2025-10-28 22:04:29,545 - __main__ - INFO - Found carousel event: The Darque Experience, Polokwane
2025-10-28 22:04:29,545 - __main__ - INFO - Found carousel event: DnB Allstars: Thailand
2025-10-28 22:04:29,545 - __main__ - INFO - Found carousel event: Days In The Sun Festival
2025-10-28 22:04:29,545 - __main__ - INFO - Found carousel event: PORT X FESTIVAL
2025-10-28 22:04:29,545 - __main__ - INFO - Found carousel event: Future Frequency Festival
2025-10-28 22:04:29,546 - __main__ - WARNING - No events found for query: clubbing
2025-10-28 22:04:29,546 - root - ERROR - ❌ Scrape failed: No events found for query: clubbing
2025-10-28 22:04:34,681 - __main__ - INFO - 🚀 Starting Fixr scrape for query: nightlife, limit: 10
2025-10-28 22:04:35,751 - __main__ - INFO - 📡 Loading Fixr homepage...
2025-10-28 22:04:38,999 - __main__ - INFO - 📡 Searching for: https://www.fixr.co/search?query=nightlife&type=events
2025-10-28 22:04:52,373 - __main__ - INFO - 📸 Screenshot saved
2025-10-28 22:04:52,389 - __main__ - INFO - Found 0 event links
2025-10-28 22:04:52,390 - __main__ - INFO - Found carousel event: Lazydays Festival 2026
2025-10-28 22:04:52,390 - __main__ - INFO - Found carousel event: Born On Road Halloween: London
2025-10-28 22:04:52,390 - __main__ - INFO - Found carousel event: Wellnergy Festival 2026
2025-10-28 22:04:52,390 - __main__ - INFO - Found carousel event: The Mansion by Konflict. + Boneca + LBH
2025-10-28 22:04:52,390 - __main__ - INFO - Found carousel event: Billy Gillies at The Old School House & Courtyard
2025-10-28 22:04:52,390 - __main__ - INFO - Found carousel event: Detonate presents ANDY C
2025-10-28 22:04:52,390 - __main__ - INFO - Found carousel event: Joy Orbison, bullet tooth
2025-10-28 22:04:52,390 - __main__ - INFO - Found carousel event: The Darque Experience, Polokwane
2025-10-28 22:04:52,390 - __main__ - INFO - Found carousel event: DnB Allstars: Thailand
2025-10-28 22:04:52,390 - __main__ - INFO - Found carousel event: Days In The Sun Festival
2025-10-28 22:04:52,390 - __main__ - INFO - Found carousel event: PORT X FESTIVAL
2025-10-28 22:04:52,390 - __main__ - INFO - Found carousel event: Future Frequency Festival
2025-10-28 22:04:52,392 - __main__ - WARNING - No events found for query: nightlife
2025-10-28 22:04:52,392 - root - ERROR - ❌ Scrape failed: No events found for query: nightlife
2025-10-28 22:04:57,518 - __main__ - INFO - 🚀 Starting Fixr scrape for query: rave, limit: 10
2025-10-28 22:04:58,518 - __main__ - INFO - 📡 Loading Fixr homepage...
2025-10-28 22:05:01,293 - __main__ - INFO - 📡 Searching for: https://www.fixr.co/search?query=rave&type=events
2025-10-28 22:05:14,553 - __main__ - INFO - 📸 Screenshot saved
2025-10-28 22:05:14,569 - __main__ - INFO - Found 0 event links
2025-10-28 22:05:14,570 - __main__ - INFO - Found carousel event: Lazydays Festival 2026
2025-10-28 22:05:14,570 - __main__ - INFO - Found carousel event: Born On Road Halloween: London
2025-10-28 22:05:14,570 - __main__ - INFO - Found carousel event: Wellnergy Festival 2026
2025-10-28 22:05:14,570 - __main__ - INFO - Found carousel event: The Mansion by Konflict. + Boneca + LBH
2025-10-28 22:05:14,570 - __main__ - INFO - Found carousel event: Billy Gillies at The Old School House & Courtyard
2025-10-28 22:05:14,570 - __main__ - INFO - Found carousel event: Detonate presents ANDY C
2025-10-28 22:05:14,570 - __main__ - INFO - Found carousel event: Joy Orbison, bullet tooth
2025-10-28 22:05:14,570 - __main__ - INFO - Found carousel event: The Darque Experience, Polokwane
2025-10-28 22:05:14,570 - __main__ - INFO - Found carousel event: DnB Allstars: Thailand
2025-10-28 22:05:14,570 - __main__ - INFO - Found carousel event: Days In The Sun Festival
2025-10-28 22:05:14,570 - __main__ - INFO - Found carousel event: PORT X FESTIVAL
2025-10-28 22:05:14,570 - __main__ - INFO - Found carousel event: Future Frequency Festival
2025-10-28 22:05:14,572 - __main__ - WARNING - No events found for query: rave
2025-10-28 22:05:14,572 - root - ERROR - ❌ Scrape failed: No events found for query: rave
2025-10-28 22:05:19,699 - __main__ - INFO - 🚀 Starting Fixr scrape for query: festival, limit: 10
2025-10-28 22:05:20,786 - __main__ - INFO - 📡 Loading Fixr homepage...
2025-10-28 22:05:23,931 - __main__ - INFO - 📡 Searching for: https://www.fixr.co/search?query=festival&type=events
2025-10-28 22:05:36,288 - __main__ - INFO - 📸 Screenshot saved
2025-10-28 22:05:36,305 - __main__ - INFO - Found 0 event links
2025-10-28 22:05:36,305 - __main__ - INFO - Found carousel event: Lazydays Festival 2026
2025-10-28 22:05:36,306 - __main__ - INFO - Found carousel event: Born On Road Halloween: London
2025-10-28 22:05:36,306 - __main__ - INFO - Found carousel event: Wellnergy Festival 2026
2025-10-28 22:05:36,306 - __main__ - INFO - Found carousel event: The Mansion by Konflict. + Boneca + LBH
2025-10-28 22:05:36,306 - __main__ - INFO - Found carousel event: Billy Gillies at The Old School House & Courtyard
2025-10-28 22:05:36,306 - __main__ - INFO - Found carousel event: Detonate presents ANDY C
2025-10-28 22:05:36,306 - __main__ - INFO - Found carousel event: Joy Orbison, bullet tooth
2025-10-28 22:05:36,306 - __main__ - INFO - Found carousel event: The Darque Experience, Polokwane
2025-10-28 22:05:36,306 - __main__ - INFO - Found carousel event: DnB Allstars: Thailand
2025-10-28 22:05:36,306 - __main__ - INFO - Found carousel event: Days In The Sun Festival
2025-10-28 22:05:36,306 - __main__ - INFO - Found carousel event: PORT X FESTIVAL
2025-10-28 22:05:36,306 - __main__ - INFO - Found carousel event: Future Frequency Festival
2025-10-28 22:05:36,307 - __main__ - WARNING - No events found for query: festival
2025-10-28 22:05:36,307 - root - ERROR - ❌ Scrape failed: No events found for query: festival
